<?xml version="1.0" encoding="UTF-8"?>
<!-- Generated by org.testng.reporters.JUnitXMLReporter -->
<testsuite ignored="0" hostname="Avijeet-Desktop" failures="0" tests="4" name="Default test" time="15.258" errors="0" timestamp="2022-07-15T16:21:32 IST">
  <testcase classname="com.brodgelabz.DataProvider.DataProviderDemo" name="lauchBrowser" time="7.29"/>
  <testcase classname="com.brodgelabz.DataProvider.DataProviderDemo" name="firstName_lastName" time="3.396"/>
  <testcase classname="com.brodgelabz.DataProvider.DataProviderDemo" name="firstName_lastName" time="2.282"/>
  <testcase classname="com.brodgelabz.DataProvider.DataProviderDemo" name="firstName_lastName" time="2.233"/>
</testsuite> <!-- Default test -->
