<?xml version="1.0" encoding="UTF-8"?>
<testng-results ignored="0" total="4" passed="4" failed="0" skipped="0">
  <reporter-output>
  </reporter-output>
  <suite started-at="2022-07-15T16:21:17 IST" name="Default suite" finished-at="2022-07-15T16:21:32 IST" duration-ms="15258">
    <groups>
    </groups>
    <test started-at="2022-07-15T16:21:17 IST" name="Default test" finished-at="2022-07-15T16:21:32 IST" duration-ms="15258">
      <class name="com.brodgelabz.DataProvider.DataProviderDemo">
        <test-method signature="lauchBrowser()[pri:0, instance:com.brodgelabz.DataProvider.DataProviderDemo@9f116cc]" started-at="2022-07-15T16:21:17 IST" name="lauchBrowser" finished-at="2022-07-15T16:21:24 IST" duration-ms="7290" status="PASS">
          <reporter-output>
          </reporter-output>
        </test-method> <!-- lauchBrowser -->
        <test-method signature="firstName_lastName(java.lang.String,java.lang.String)[pri:1, instance:com.brodgelabz.DataProvider.DataProviderDemo@9f116cc]" started-at="2022-07-15T16:21:24 IST" name="firstName_lastName" data-provider="dp" finished-at="2022-07-15T16:21:27 IST" duration-ms="3396" status="PASS">
          <params>
            <param index="0">
              <value>
                <![CDATA[Purabi]]>
              </value>
            </param>
            <param index="1">
              <value>
                <![CDATA[Rout]]>
              </value>
            </param>
          </params>
          <reporter-output>
          </reporter-output>
        </test-method> <!-- firstName_lastName -->
        <test-method signature="firstName_lastName(java.lang.String,java.lang.String)[pri:1, instance:com.brodgelabz.DataProvider.DataProviderDemo@9f116cc]" started-at="2022-07-15T16:21:27 IST" name="firstName_lastName" data-provider="dp" finished-at="2022-07-15T16:21:30 IST" duration-ms="2282" status="PASS">
          <params>
            <param index="0">
              <value>
                <![CDATA[priya]]>
              </value>
            </param>
            <param index="1">
              <value>
                <![CDATA[patra]]>
              </value>
            </param>
          </params>
          <reporter-output>
          </reporter-output>
        </test-method> <!-- firstName_lastName -->
        <test-method signature="firstName_lastName(java.lang.String,java.lang.String)[pri:1, instance:com.brodgelabz.DataProvider.DataProviderDemo@9f116cc]" started-at="2022-07-15T16:21:30 IST" name="firstName_lastName" data-provider="dp" finished-at="2022-07-15T16:21:32 IST" duration-ms="2233" status="PASS">
          <params>
            <param index="0">
              <value>
                <![CDATA[Monalisa]]>
              </value>
            </param>
            <param index="1">
              <value>
                <![CDATA[Das]]>
              </value>
            </param>
          </params>
          <reporter-output>
          </reporter-output>
        </test-method> <!-- firstName_lastName -->
      </class> <!-- com.brodgelabz.DataProvider.DataProviderDemo -->
    </test> <!-- Default test -->
  </suite> <!-- Default suite -->
</testng-results>
